<?xml version="1.0" encoding="UTF-8"?>
<!-- Generated by org.testng.reporters.JUnitReportReporter -->
<testsuite skipped="1" hostname="5CG7074XG7" name="StringPractice.StringSplit" tests="2" failures="0" timestamp="12 Jun 2018 14:11:11 GMT" time="0.014" errors="0">
  <testcase name="m12" time="0.014" classname="StringPractice.StringSplit"/>
  <testcase name="m1" classname="StringPractice.StringSplit">
    <skipped/>
  </testcase> <!-- m1 -->
</testsuite> <!-- StringPractice.StringSplit -->
