<?xml version="1.0" encoding="UTF-8"?>
<!-- Generated by org.testng.reporters.JUnitReportReporter -->
<testsuite skipped="0" hostname="5CG7074XG7" name="StringPractice.ReverseTheString" tests="8" failures="0" timestamp="12 Jun 2018 14:48:07 GMT" time="0.039" errors="0">
  <testcase name="m8" time="0.002" classname="StringPractice.ReverseTheString"/>
  <testcase name="m5" time="0.003" classname="StringPractice.ReverseTheString"/>
  <testcase name="m6" time="0.004" classname="StringPractice.ReverseTheString"/>
  <testcase name="m7" time="0.005" classname="StringPractice.ReverseTheString"/>
  <testcase name="m3" time="0.005" classname="StringPractice.ReverseTheString"/>
  <testcase name="m1" time="0.012" classname="StringPractice.ReverseTheString"/>
  <testcase name="m4" time="0.003" classname="StringPractice.ReverseTheString"/>
  <testcase name="m2" time="0.005" classname="StringPractice.ReverseTheString"/>
</testsuite> <!-- StringPractice.ReverseTheString -->
