<?xml version="1.0" encoding="UTF-8"?>
<!-- Generated by org.testng.reporters.JUnitReportReporter -->
<testsuite hostname="PD" failures="0" tests="3" name="TestRostrum.countCharacterOccurance" time="0.011" errors="0" timestamp="2024-07-03T21:53:11 IST" skipped="2">
  <testcase classname="TestRostrum.countCharacterOccurance" name="countCharacterOccurance_method2" time="0.011"/>
  <system-out/>
  <testcase classname="TestRostrum.countCharacterOccurance" name="countCharacterOccurance_method3">
    <skipped/>
  </testcase> <!-- countCharacterOccurance_method3 -->
  <system-out/>
  <testcase classname="TestRostrum.countCharacterOccurance" name="countCharacterOccurance_method1">
    <skipped/>
  </testcase> <!-- countCharacterOccurance_method1 -->
  <system-out/>
</testsuite> <!-- TestRostrum.countCharacterOccurance -->
